23:17:46.302 [Worker-5] INFO  o.a.AndroidAnnotationProcessor:84 - Initialize AndroidAnnotations 3.2 with options {phase=BUILD}
23:17:46.689 [Worker-5] INFO  o.a.AndroidAnnotationProcessor:84 - Initialize AndroidAnnotations 3.2 with options {phase=BUILD}
23:18:19.520 [Worker-5] INFO  o.a.AndroidAnnotationProcessor:84 - Initialize AndroidAnnotations 3.2 with options {phase=BUILD}
23:18:19.523 [Worker-5] INFO  o.a.AndroidAnnotationProcessor:108 - Start processing for 1 annotations on 1 elements
23:18:19.569 [Worker-5] DEBUG o.a.h.AndroidManifestFinder:137 - AndroidManifest.xml file found in parent folder E:\workspace\annotations: E:\workspace\annotations\AndroidManifest.xml
23:18:19.572 [Worker-5] INFO  o.a.AndroidAnnotationProcessor:171 - AndroidManifest.xml found: AndroidManifest [applicationPackage=com.example.annotations, componentQualifiedNames=[com.example.annotations.Annotations], permissionQualifiedNames=[], applicationClassName=null, libraryProject=false, debugabble=false, minSdkVersion=8, maxSdkVersion=-1, targetSdkVersion=17]
23:18:19.573 [Worker-5] INFO  o.a.r.ProjectRClassFinder:50 - Found project R class: com.example.annotations.R
23:18:19.591 [Worker-5] INFO  o.a.r.AndroidRClassFinder:44 - Found Android class: android.R
23:18:19.610 [Worker-5] INFO  o.a.p.ModelValidator:42 - Validating elements
23:18:19.611 [Worker-5] DEBUG o.a.p.ModelValidator:62 - Validating with EActivityHandler: [com.example.annotations.Annotations]
23:18:19.614 [Worker-5] ERROR o.a.h.AnnotationHelper:126 - The AndroidManifest.xml file contains the original component, and not the AndroidAnnotations generated component. Please register Annotations_ instead of Annotations
23:18:19.614 [Worker-5] WARN  o.a.p.ModelValidator:69 - Element EActivityHandler unvalidated by 
23:18:19.621 [Worker-5] INFO  o.a.p.ModelProcessor:69 - Processing root elements
23:18:19.622 [Worker-5] INFO  o.a.p.ModelProcessor:77 - Processing enclosed elements
23:18:19.623 [Worker-5] INFO  o.a.AndroidAnnotationProcessor:250 - Number of files generated by AndroidAnnotations: 0
23:18:19.625 [Worker-5] INFO  o.a.g.ApiCodeGenerator:52 - Writting following API classes in project: []
23:18:19.626 [Worker-5] INFO  o.a.p.TimeStats:81 - Time measurements: [Whole Processing = 104 ms], [Extract Annotations = 43 ms], [Find R Classes = 30 ms], [Process Annotations = 8 ms], [Extract Manifest = 5 ms], [Validate Annotations = 5 ms], [Generate Sources = 3 ms], 
23:18:19.627 [Worker-5] INFO  o.a.AndroidAnnotationProcessor:122 - Finish processing
23:20:04.196 [Worker-1] INFO  o.a.AndroidAnnotationProcessor:84 - Initialize AndroidAnnotations 3.2 with options {phase=BUILD}
23:20:15.890 [Worker-5] INFO  o.a.AndroidAnnotationProcessor:84 - Initialize AndroidAnnotations 3.2 with options {phase=BUILD}
23:20:29.279 [Worker-12] INFO  o.a.AndroidAnnotationProcessor:84 - Initialize AndroidAnnotations 3.2 with options {phase=BUILD}
23:20:29.282 [Worker-12] INFO  o.a.AndroidAnnotationProcessor:108 - Start processing for 1 annotations on 1 elements
23:20:29.304 [Worker-12] DEBUG o.a.h.AndroidManifestFinder:137 - AndroidManifest.xml file found in parent folder E:\workspace\annotations: E:\workspace\annotations\AndroidManifest.xml
23:20:29.307 [Worker-12] INFO  o.a.AndroidAnnotationProcessor:171 - AndroidManifest.xml found: AndroidManifest [applicationPackage=com.example.annotations, componentQualifiedNames=[com.example.annotations.Annotations_], permissionQualifiedNames=[], applicationClassName=null, libraryProject=false, debugabble=false, minSdkVersion=8, maxSdkVersion=-1, targetSdkVersion=17]
23:20:29.308 [Worker-12] INFO  o.a.r.ProjectRClassFinder:50 - Found project R class: com.example.annotations.R
23:20:29.311 [Worker-12] INFO  o.a.r.AndroidRClassFinder:44 - Found Android class: android.R
23:20:29.321 [Worker-12] INFO  o.a.p.ModelValidator:42 - Validating elements
23:20:29.322 [Worker-12] DEBUG o.a.p.ModelValidator:62 - Validating with EActivityHandler: [com.example.annotations.Annotations]
23:20:29.324 [Worker-12] INFO  o.a.p.ModelProcessor:69 - Processing root elements
23:20:29.325 [Worker-12] DEBUG o.a.p.ModelProcessor:160 - Processing root elements EActivityHandler: [com.example.annotations.Annotations]
23:20:29.367 [Worker-12] INFO  o.a.p.ModelProcessor:77 - Processing enclosed elements
23:20:29.368 [Worker-12] INFO  o.a.AndroidAnnotationProcessor:250 - Number of files generated by AndroidAnnotations: 1
23:20:29.369 [Worker-12] INFO  o.a.g.ApiCodeGenerator:52 - Writting following API classes in project: []
23:20:29.369 [Worker-12] DEBUG o.a.g.SourceCodewriter:55 - Generating class: com.example.annotations.Annotations_
23:20:29.383 [Worker-12] INFO  o.a.p.TimeStats:81 - Time measurements: [Whole Processing = 101 ms], [Process Annotations = 44 ms], [Extract Annotations = 21 ms], [Generate Sources = 15 ms], [Find R Classes = 13 ms], [Extract Manifest = 3 ms], [Validate Annotations = 3 ms], 
23:20:29.384 [Worker-12] INFO  o.a.AndroidAnnotationProcessor:122 - Finish processing
23:22:11.390 [Worker-12] INFO  o.a.AndroidAnnotationProcessor:84 - Initialize AndroidAnnotations 3.2 with options {phase=BUILD}
23:22:11.392 [Worker-12] INFO  o.a.AndroidAnnotationProcessor:108 - Start processing for 3 annotations on 1 elements
23:22:11.407 [Worker-12] DEBUG o.a.h.AndroidManifestFinder:137 - AndroidManifest.xml file found in parent folder E:\workspace\annotations: E:\workspace\annotations\AndroidManifest.xml
23:22:11.409 [Worker-12] INFO  o.a.AndroidAnnotationProcessor:171 - AndroidManifest.xml found: AndroidManifest [applicationPackage=com.example.annotations, componentQualifiedNames=[com.example.annotations.Annotations_], permissionQualifiedNames=[], applicationClassName=null, libraryProject=false, debugabble=false, minSdkVersion=8, maxSdkVersion=-1, targetSdkVersion=17]
23:22:11.410 [Worker-12] INFO  o.a.r.ProjectRClassFinder:50 - Found project R class: com.example.annotations.R
23:22:11.411 [Worker-12] INFO  o.a.r.AndroidRClassFinder:44 - Found Android class: android.R
23:22:11.418 [Worker-12] INFO  o.a.p.ModelValidator:42 - Validating elements
23:22:11.419 [Worker-12] DEBUG o.a.p.ModelValidator:62 - Validating with EActivityHandler: [com.example.annotations.Annotations]
23:22:11.420 [Worker-12] DEBUG o.a.p.ModelValidator:62 - Validating with NoTitleHandler: [com.example.annotations.Annotations]
23:22:11.421 [Worker-12] DEBUG o.a.p.ModelValidator:62 - Validating with FullscreenHandler: [com.example.annotations.Annotations]
23:22:11.422 [Worker-12] INFO  o.a.p.ModelProcessor:69 - Processing root elements
23:22:11.423 [Worker-12] DEBUG o.a.p.ModelProcessor:160 - Processing root elements EActivityHandler: [com.example.annotations.Annotations]
23:22:11.426 [Worker-12] INFO  o.a.p.ModelProcessor:77 - Processing enclosed elements
23:22:11.427 [Worker-12] INFO  o.a.AndroidAnnotationProcessor:250 - Number of files generated by AndroidAnnotations: 1
23:22:11.427 [Worker-12] INFO  o.a.g.ApiCodeGenerator:52 - Writting following API classes in project: []
23:22:11.428 [Worker-12] DEBUG o.a.g.SourceCodewriter:55 - Generating class: com.example.annotations.Annotations_
23:22:11.440 [Worker-12] INFO  o.a.p.TimeStats:81 - Time measurements: [Whole Processing = 48 ms], [Extract Annotations = 14 ms], [Generate Sources = 13 ms], [Find R Classes = 8 ms], [Process Annotations = 5 ms], [Validate Annotations = 4 ms], [Extract Manifest = 2 ms], 
23:22:11.441 [Worker-12] INFO  o.a.AndroidAnnotationProcessor:122 - Finish processing
23:22:53.354 [Worker-1] INFO  o.a.AndroidAnnotationProcessor:84 - Initialize AndroidAnnotations 3.2 with options {phase=BUILD}
23:22:53.356 [Worker-1] INFO  o.a.AndroidAnnotationProcessor:108 - Start processing for 3 annotations on 1 elements
23:22:53.367 [Worker-1] DEBUG o.a.h.AndroidManifestFinder:137 - AndroidManifest.xml file found in parent folder E:\workspace\annotations: E:\workspace\annotations\AndroidManifest.xml
23:22:53.369 [Worker-1] INFO  o.a.AndroidAnnotationProcessor:171 - AndroidManifest.xml found: AndroidManifest [applicationPackage=com.example.annotations, componentQualifiedNames=[com.example.annotations.Annotations_], permissionQualifiedNames=[], applicationClassName=null, libraryProject=false, debugabble=false, minSdkVersion=8, maxSdkVersion=-1, targetSdkVersion=17]
23:22:53.370 [Worker-1] INFO  o.a.r.ProjectRClassFinder:50 - Found project R class: com.example.annotations.R
23:22:53.371 [Worker-1] INFO  o.a.r.AndroidRClassFinder:44 - Found Android class: android.R
23:22:53.376 [Worker-1] INFO  o.a.p.ModelValidator:42 - Validating elements
23:22:53.377 [Worker-1] DEBUG o.a.p.ModelValidator:62 - Validating with EActivityHandler: [com.example.annotations.Annotations]
23:22:53.378 [Worker-1] DEBUG o.a.p.ModelValidator:62 - Validating with NoTitleHandler: [com.example.annotations.Annotations]
23:22:53.378 [Worker-1] DEBUG o.a.p.ModelValidator:62 - Validating with FullscreenHandler: [com.example.annotations.Annotations]
23:22:53.379 [Worker-1] INFO  o.a.p.ModelProcessor:69 - Processing root elements
23:22:53.379 [Worker-1] DEBUG o.a.p.ModelProcessor:160 - Processing root elements EActivityHandler: [com.example.annotations.Annotations]
23:22:53.382 [Worker-1] INFO  o.a.p.ModelProcessor:77 - Processing enclosed elements
23:22:53.382 [Worker-1] INFO  o.a.AndroidAnnotationProcessor:250 - Number of files generated by AndroidAnnotations: 1
23:22:53.383 [Worker-1] INFO  o.a.g.ApiCodeGenerator:52 - Writting following API classes in project: []
23:22:53.384 [Worker-1] DEBUG o.a.g.SourceCodewriter:55 - Generating class: com.example.annotations.Annotations_
23:22:53.386 [Worker-1] INFO  o.a.p.TimeStats:81 - Time measurements: [Whole Processing = 30 ms], [Extract Annotations = 10 ms], [Find R Classes = 6 ms], [Generate Sources = 4 ms], [Validate Annotations = 3 ms], [Process Annotations = 3 ms], [Extract Manifest = 2 ms], 
23:22:53.386 [Worker-1] INFO  o.a.AndroidAnnotationProcessor:122 - Finish processing
23:23:29.206 [Worker-5] INFO  o.a.AndroidAnnotationProcessor:84 - Initialize AndroidAnnotations 3.2 with options {phase=BUILD}
23:23:30.667 [Worker-9] INFO  o.a.AndroidAnnotationProcessor:84 - Initialize AndroidAnnotations 3.2 with options {phase=BUILD}
23:23:30.668 [Worker-9] INFO  o.a.AndroidAnnotationProcessor:108 - Start processing for 4 annotations on 2 elements
23:23:30.677 [Worker-9] DEBUG o.a.h.AndroidManifestFinder:137 - AndroidManifest.xml file found in parent folder E:\workspace\annotations: E:\workspace\annotations\AndroidManifest.xml
23:23:30.678 [Worker-9] INFO  o.a.AndroidAnnotationProcessor:171 - AndroidManifest.xml found: AndroidManifest [applicationPackage=com.example.annotations, componentQualifiedNames=[com.example.annotations.Annotations_], permissionQualifiedNames=[], applicationClassName=null, libraryProject=false, debugabble=false, minSdkVersion=8, maxSdkVersion=-1, targetSdkVersion=17]
23:23:30.679 [Worker-9] INFO  o.a.r.ProjectRClassFinder:50 - Found project R class: com.example.annotations.R
23:23:30.680 [Worker-9] INFO  o.a.r.AndroidRClassFinder:44 - Found Android class: android.R
23:23:30.685 [Worker-9] INFO  o.a.p.ModelValidator:42 - Validating elements
23:23:30.685 [Worker-9] DEBUG o.a.p.ModelValidator:62 - Validating with EActivityHandler: [com.example.annotations.Annotations]
23:23:30.686 [Worker-9] DEBUG o.a.p.ModelValidator:62 - Validating with ViewByIdHandler: [button1]
23:23:30.687 [Worker-9] ERROR o.a.h.AnnotationHelper:126 - @org.androidannotations.annotations.ViewById can only be used on an element that extends android.view.View
23:23:30.689 [Worker-9] WARN  o.a.p.ModelValidator:69 - Element ViewByIdHandler unvalidated by 
23:23:30.689 [Worker-9] DEBUG o.a.p.ModelValidator:62 - Validating with NoTitleHandler: [com.example.annotations.Annotations]
23:23:30.690 [Worker-9] DEBUG o.a.p.ModelValidator:62 - Validating with FullscreenHandler: [com.example.annotations.Annotations]
23:23:30.690 [Worker-9] INFO  o.a.p.ModelProcessor:69 - Processing root elements
23:23:30.691 [Worker-9] DEBUG o.a.p.ModelProcessor:160 - Processing root elements EActivityHandler: [com.example.annotations.Annotations]
23:23:30.693 [Worker-9] INFO  o.a.p.ModelProcessor:77 - Processing enclosed elements
23:23:30.693 [Worker-9] INFO  o.a.AndroidAnnotationProcessor:250 - Number of files generated by AndroidAnnotations: 1
23:23:30.694 [Worker-9] INFO  o.a.g.ApiCodeGenerator:52 - Writting following API classes in project: []
23:23:30.694 [Worker-9] DEBUG o.a.g.SourceCodewriter:55 - Generating class: com.example.annotations.Annotations_
23:23:30.698 [Worker-9] INFO  o.a.p.TimeStats:81 - Time measurements: [Whole Processing = 30 ms], [Extract Annotations = 9 ms], [Find R Classes = 5 ms], [Validate Annotations = 5 ms], [Generate Sources = 5 ms], [Process Annotations = 3 ms], [Extract Manifest = 1 ms], 
23:23:30.698 [Worker-9] INFO  o.a.AndroidAnnotationProcessor:122 - Finish processing
23:23:47.768 [Worker-0] INFO  o.a.AndroidAnnotationProcessor:84 - Initialize AndroidAnnotations 3.2 with options {phase=BUILD}
23:23:47.769 [Worker-0] INFO  o.a.AndroidAnnotationProcessor:108 - Start processing for 4 annotations on 2 elements
23:23:47.777 [Worker-0] DEBUG o.a.h.AndroidManifestFinder:137 - AndroidManifest.xml file found in parent folder E:\workspace\annotations: E:\workspace\annotations\AndroidManifest.xml
23:23:47.779 [Worker-0] INFO  o.a.AndroidAnnotationProcessor:171 - AndroidManifest.xml found: AndroidManifest [applicationPackage=com.example.annotations, componentQualifiedNames=[com.example.annotations.Annotations_], permissionQualifiedNames=[], applicationClassName=null, libraryProject=false, debugabble=false, minSdkVersion=8, maxSdkVersion=-1, targetSdkVersion=17]
23:23:47.779 [Worker-0] INFO  o.a.r.ProjectRClassFinder:50 - Found project R class: com.example.annotations.R
23:23:47.780 [Worker-0] INFO  o.a.r.AndroidRClassFinder:44 - Found Android class: android.R
23:23:47.784 [Worker-0] INFO  o.a.p.ModelValidator:42 - Validating elements
23:23:47.784 [Worker-0] DEBUG o.a.p.ModelValidator:62 - Validating with EActivityHandler: [com.example.annotations.Annotations]
23:23:47.785 [Worker-0] DEBUG o.a.p.ModelValidator:62 - Validating with ViewByIdHandler: [button1]
23:23:47.786 [Worker-0] DEBUG o.a.p.ModelValidator:62 - Validating with NoTitleHandler: [com.example.annotations.Annotations]
23:23:47.786 [Worker-0] DEBUG o.a.p.ModelValidator:62 - Validating with FullscreenHandler: [com.example.annotations.Annotations]
23:23:47.787 [Worker-0] INFO  o.a.p.ModelProcessor:69 - Processing root elements
23:23:47.787 [Worker-0] DEBUG o.a.p.ModelProcessor:160 - Processing root elements EActivityHandler: [com.example.annotations.Annotations]
23:23:47.789 [Worker-0] INFO  o.a.p.ModelProcessor:77 - Processing enclosed elements
23:23:47.791 [Worker-0] INFO  o.a.AndroidAnnotationProcessor:250 - Number of files generated by AndroidAnnotations: 1
23:23:47.791 [Worker-0] INFO  o.a.g.ApiCodeGenerator:52 - Writting following API classes in project: []
23:23:47.792 [Worker-0] DEBUG o.a.g.SourceCodewriter:55 - Generating class: com.example.annotations.Annotations_
23:23:47.799 [Worker-0] INFO  o.a.p.TimeStats:81 - Time measurements: [Whole Processing = 30 ms], [Extract Annotations = 8 ms], [Generate Sources = 8 ms], [Find R Classes = 5 ms], [Process Annotations = 4 ms], [Validate Annotations = 3 ms], [Extract Manifest = 2 ms], 
23:23:47.800 [Worker-0] INFO  o.a.AndroidAnnotationProcessor:122 - Finish processing
23:24:06.381 [Worker-14] INFO  o.a.AndroidAnnotationProcessor:84 - Initialize AndroidAnnotations 3.2 with options {phase=BUILD}
23:24:06.397 [Worker-14] INFO  o.a.AndroidAnnotationProcessor:108 - Start processing for 4 annotations on 2 elements
23:24:06.405 [Worker-14] DEBUG o.a.h.AndroidManifestFinder:137 - AndroidManifest.xml file found in parent folder E:\workspace\annotations: E:\workspace\annotations\AndroidManifest.xml
23:24:06.407 [Worker-14] INFO  o.a.AndroidAnnotationProcessor:171 - AndroidManifest.xml found: AndroidManifest [applicationPackage=com.example.annotations, componentQualifiedNames=[com.example.annotations.Annotations_], permissionQualifiedNames=[], applicationClassName=null, libraryProject=false, debugabble=false, minSdkVersion=8, maxSdkVersion=-1, targetSdkVersion=17]
23:24:06.407 [Worker-14] INFO  o.a.r.ProjectRClassFinder:50 - Found project R class: com.example.annotations.R
23:24:06.408 [Worker-14] INFO  o.a.r.AndroidRClassFinder:44 - Found Android class: android.R
23:24:06.412 [Worker-14] INFO  o.a.p.ModelValidator:42 - Validating elements
23:24:06.413 [Worker-14] DEBUG o.a.p.ModelValidator:62 - Validating with EActivityHandler: [com.example.annotations.Annotations]
23:24:06.413 [Worker-14] DEBUG o.a.p.ModelValidator:62 - Validating with ViewByIdHandler: [button1]
23:24:06.414 [Worker-14] DEBUG o.a.p.ModelValidator:62 - Validating with NoTitleHandler: [com.example.annotations.Annotations]
23:24:06.415 [Worker-14] DEBUG o.a.p.ModelValidator:62 - Validating with FullscreenHandler: [com.example.annotations.Annotations]
23:24:06.415 [Worker-14] INFO  o.a.p.ModelProcessor:69 - Processing root elements
23:24:06.416 [Worker-14] DEBUG o.a.p.ModelProcessor:160 - Processing root elements EActivityHandler: [com.example.annotations.Annotations]
23:24:06.417 [Worker-14] INFO  o.a.p.ModelProcessor:77 - Processing enclosed elements
23:24:06.417 [Worker-14] DEBUG o.a.p.ModelProcessor:89 - Processing enclosed elements with ViewByIdHandler: [org.androidannotations.model.AnnotationElements$AnnotatedAndRootElements@1688cd5]
23:24:06.418 [Worker-14] DEBUG o.a.p.ModelProcessor:89 - Processing enclosed elements with NoTitleHandler: [org.androidannotations.model.AnnotationElements$AnnotatedAndRootElements@fbc9e4]
23:24:06.418 [Worker-14] DEBUG o.a.p.ModelProcessor:89 - Processing enclosed elements with FullscreenHandler: [org.androidannotations.model.AnnotationElements$AnnotatedAndRootElements@83cfa2]
23:24:06.418 [Worker-14] INFO  o.a.AndroidAnnotationProcessor:250 - Number of files generated by AndroidAnnotations: 1
23:24:06.419 [Worker-14] INFO  o.a.g.ApiCodeGenerator:52 - Writting following API classes in project: []
23:24:06.419 [Worker-14] DEBUG o.a.g.SourceCodewriter:55 - Generating class: com.example.annotations.Annotations_
23:24:06.426 [Worker-14] INFO  o.a.p.TimeStats:81 - Time measurements: [Whole Processing = 29 ms], [Generate Sources = 8 ms], [Extract Annotations = 7 ms], [Find R Classes = 5 ms], [Validate Annotations = 3 ms], [Process Annotations = 3 ms], [Extract Manifest = 2 ms], 
23:24:06.427 [Worker-14] INFO  o.a.AndroidAnnotationProcessor:122 - Finish processing
23:24:15.638 [Worker-1] INFO  o.a.AndroidAnnotationProcessor:84 - Initialize AndroidAnnotations 3.2 with options {phase=BUILD}
23:24:15.654 [Worker-1] INFO  o.a.AndroidAnnotationProcessor:108 - Start processing for 4 annotations on 2 elements
23:24:15.662 [Worker-1] DEBUG o.a.h.AndroidManifestFinder:137 - AndroidManifest.xml file found in parent folder E:\workspace\annotations: E:\workspace\annotations\AndroidManifest.xml
23:24:15.663 [Worker-1] INFO  o.a.AndroidAnnotationProcessor:171 - AndroidManifest.xml found: AndroidManifest [applicationPackage=com.example.annotations, componentQualifiedNames=[com.example.annotations.Annotations_], permissionQualifiedNames=[], applicationClassName=null, libraryProject=false, debugabble=false, minSdkVersion=8, maxSdkVersion=-1, targetSdkVersion=17]
23:24:15.663 [Worker-1] INFO  o.a.r.ProjectRClassFinder:50 - Found project R class: com.example.annotations.R
23:24:15.664 [Worker-1] INFO  o.a.r.AndroidRClassFinder:44 - Found Android class: android.R
23:24:15.668 [Worker-1] INFO  o.a.p.ModelValidator:42 - Validating elements
23:24:15.669 [Worker-1] DEBUG o.a.p.ModelValidator:62 - Validating with EActivityHandler: [com.example.annotations.Annotations]
23:24:15.669 [Worker-1] DEBUG o.a.p.ModelValidator:62 - Validating with ViewByIdHandler: [button1]
23:24:15.670 [Worker-1] DEBUG o.a.p.ModelValidator:62 - Validating with NoTitleHandler: [com.example.annotations.Annotations]
23:24:15.671 [Worker-1] DEBUG o.a.p.ModelValidator:62 - Validating with FullscreenHandler: [com.example.annotations.Annotations]
23:24:15.671 [Worker-1] INFO  o.a.p.ModelProcessor:69 - Processing root elements
23:24:15.672 [Worker-1] DEBUG o.a.p.ModelProcessor:160 - Processing root elements EActivityHandler: [com.example.annotations.Annotations]
23:24:15.673 [Worker-1] INFO  o.a.p.ModelProcessor:77 - Processing enclosed elements
23:24:15.673 [Worker-1] DEBUG o.a.p.ModelProcessor:89 - Processing enclosed elements with ViewByIdHandler: [org.androidannotations.model.AnnotationElements$AnnotatedAndRootElements@ea14e3]
23:24:15.674 [Worker-1] DEBUG o.a.p.ModelProcessor:89 - Processing enclosed elements with NoTitleHandler: [org.androidannotations.model.AnnotationElements$AnnotatedAndRootElements@1b23922]
23:24:15.674 [Worker-1] DEBUG o.a.p.ModelProcessor:89 - Processing enclosed elements with FullscreenHandler: [org.androidannotations.model.AnnotationElements$AnnotatedAndRootElements@1c509e6]
23:24:15.674 [Worker-1] INFO  o.a.AndroidAnnotationProcessor:250 - Number of files generated by AndroidAnnotations: 1
23:24:15.675 [Worker-1] INFO  o.a.g.ApiCodeGenerator:52 - Writting following API classes in project: []
23:24:15.675 [Worker-1] DEBUG o.a.g.SourceCodewriter:55 - Generating class: com.example.annotations.Annotations_
23:24:15.682 [Worker-1] INFO  o.a.p.TimeStats:81 - Time measurements: [Whole Processing = 28 ms], [Generate Sources = 8 ms], [Extract Annotations = 7 ms], [Find R Classes = 5 ms], [Validate Annotations = 3 ms], [Process Annotations = 3 ms], [Extract Manifest = 2 ms], 
23:24:15.683 [Worker-1] INFO  o.a.AndroidAnnotationProcessor:122 - Finish processing
23:24:21.304 [Worker-12] INFO  o.a.AndroidAnnotationProcessor:84 - Initialize AndroidAnnotations 3.2 with options {phase=BUILD}
23:24:21.307 [Worker-12] INFO  o.a.AndroidAnnotationProcessor:108 - Start processing for 4 annotations on 1 elements
23:24:21.326 [Worker-12] DEBUG o.a.h.AndroidManifestFinder:137 - AndroidManifest.xml file found in parent folder E:\workspace\annotations: E:\workspace\annotations\AndroidManifest.xml
23:24:21.329 [Worker-12] INFO  o.a.AndroidAnnotationProcessor:171 - AndroidManifest.xml found: AndroidManifest [applicationPackage=com.example.annotations, componentQualifiedNames=[com.example.annotations.Annotations_], permissionQualifiedNames=[], applicationClassName=null, libraryProject=false, debugabble=false, minSdkVersion=8, maxSdkVersion=-1, targetSdkVersion=17]
23:24:21.330 [Worker-12] INFO  o.a.r.ProjectRClassFinder:50 - Found project R class: com.example.annotations.R
23:24:21.333 [Worker-12] INFO  o.a.r.AndroidRClassFinder:44 - Found Android class: android.R
23:24:21.343 [Worker-12] INFO  o.a.p.ModelValidator:42 - Validating elements
23:24:21.344 [Worker-12] DEBUG o.a.p.ModelValidator:62 - Validating with EActivityHandler: [com.example.annotations.Annotations]
23:24:21.346 [Worker-12] DEBUG o.a.p.ModelValidator:62 - Validating with ViewByIdHandler: [btn]
23:24:21.349 [Worker-12] DEBUG o.a.p.ModelValidator:62 - Validating with NoTitleHandler: [com.example.annotations.Annotations]
23:24:21.351 [Worker-12] DEBUG o.a.p.ModelValidator:62 - Validating with FullscreenHandler: [com.example.annotations.Annotations]
23:24:21.352 [Worker-12] INFO  o.a.p.ModelProcessor:69 - Processing root elements
23:24:21.353 [Worker-12] DEBUG o.a.p.ModelProcessor:160 - Processing root elements EActivityHandler: [com.example.annotations.Annotations]
23:24:21.357 [Worker-12] INFO  o.a.p.ModelProcessor:77 - Processing enclosed elements
23:24:21.358 [Worker-12] INFO  o.a.AndroidAnnotationProcessor:250 - Number of files generated by AndroidAnnotations: 1
23:24:21.359 [Worker-12] INFO  o.a.g.ApiCodeGenerator:52 - Writting following API classes in project: []
23:24:21.360 [Worker-12] DEBUG o.a.g.SourceCodewriter:55 - Generating class: com.example.annotations.Annotations_
23:24:21.374 [Worker-12] INFO  o.a.p.TimeStats:81 - Time measurements: [Whole Processing = 67 ms], [Extract Annotations = 18 ms], [Generate Sources = 16 ms], [Find R Classes = 13 ms], [Validate Annotations = 9 ms], [Process Annotations = 6 ms], [Extract Manifest = 3 ms], 
23:24:21.375 [Worker-12] INFO  o.a.AndroidAnnotationProcessor:122 - Finish processing
23:28:55.868 [Worker-5] INFO  o.a.AndroidAnnotationProcessor:84 - Initialize AndroidAnnotations 3.2 with options {phase=BUILD}
23:28:55.871 [Worker-5] INFO  o.a.AndroidAnnotationProcessor:108 - Start processing for 4 annotations on 1 elements
23:28:55.890 [Worker-5] DEBUG o.a.h.AndroidManifestFinder:137 - AndroidManifest.xml file found in parent folder E:\workspace\annotations: E:\workspace\annotations\AndroidManifest.xml
23:28:55.893 [Worker-5] INFO  o.a.AndroidAnnotationProcessor:171 - AndroidManifest.xml found: AndroidManifest [applicationPackage=com.example.annotations, componentQualifiedNames=[com.example.annotations.Annotations_], permissionQualifiedNames=[], applicationClassName=null, libraryProject=false, debugabble=false, minSdkVersion=8, maxSdkVersion=-1, targetSdkVersion=17]
23:28:55.894 [Worker-5] INFO  o.a.r.ProjectRClassFinder:50 - Found project R class: com.example.annotations.R
23:28:55.897 [Worker-5] INFO  o.a.r.AndroidRClassFinder:44 - Found Android class: android.R
23:28:55.905 [Worker-5] INFO  o.a.p.ModelValidator:42 - Validating elements
23:28:55.905 [Worker-5] DEBUG o.a.p.ModelValidator:62 - Validating with EActivityHandler: [com.example.annotations.Annotations]
23:28:55.906 [Worker-5] DEBUG o.a.p.ModelValidator:62 - Validating with ViewByIdHandler: [btn]
23:28:55.908 [Worker-5] DEBUG o.a.p.ModelValidator:62 - Validating with NoTitleHandler: [com.example.annotations.Annotations]
23:28:55.909 [Worker-5] DEBUG o.a.p.ModelValidator:62 - Validating with FullscreenHandler: [com.example.annotations.Annotations]
23:28:55.909 [Worker-5] INFO  o.a.p.ModelProcessor:69 - Processing root elements
23:28:55.910 [Worker-5] DEBUG o.a.p.ModelProcessor:160 - Processing root elements EActivityHandler: [com.example.annotations.Annotations]
23:28:55.912 [Worker-5] INFO  o.a.p.ModelProcessor:77 - Processing enclosed elements
23:28:55.913 [Worker-5] INFO  o.a.AndroidAnnotationProcessor:250 - Number of files generated by AndroidAnnotations: 1
23:28:55.913 [Worker-5] INFO  o.a.g.ApiCodeGenerator:52 - Writting following API classes in project: []
23:28:55.914 [Worker-5] DEBUG o.a.g.SourceCodewriter:55 - Generating class: com.example.annotations.Annotations_
23:28:55.917 [Worker-5] INFO  o.a.p.TimeStats:81 - Time measurements: [Whole Processing = 46 ms], [Extract Annotations = 18 ms], [Find R Classes = 10 ms], [Validate Annotations = 4 ms], [Process Annotations = 4 ms], [Generate Sources = 4 ms], [Extract Manifest = 3 ms], 
23:28:55.917 [Worker-5] INFO  o.a.AndroidAnnotationProcessor:122 - Finish processing
23:29:03.473 [Worker-16] INFO  o.a.AndroidAnnotationProcessor:84 - Initialize AndroidAnnotations 3.2 with options {phase=BUILD}
23:29:03.476 [Worker-16] INFO  o.a.AndroidAnnotationProcessor:108 - Start processing for 4 annotations on 1 elements
23:29:03.493 [Worker-16] DEBUG o.a.h.AndroidManifestFinder:137 - AndroidManifest.xml file found in parent folder E:\workspace\annotations: E:\workspace\annotations\AndroidManifest.xml
23:29:03.495 [Worker-16] INFO  o.a.AndroidAnnotationProcessor:171 - AndroidManifest.xml found: AndroidManifest [applicationPackage=com.example.annotations, componentQualifiedNames=[com.example.annotations.Annotations_], permissionQualifiedNames=[], applicationClassName=null, libraryProject=false, debugabble=false, minSdkVersion=8, maxSdkVersion=-1, targetSdkVersion=17]
23:29:03.495 [Worker-16] INFO  o.a.r.ProjectRClassFinder:50 - Found project R class: com.example.annotations.R
23:29:03.497 [Worker-16] INFO  o.a.r.AndroidRClassFinder:44 - Found Android class: android.R
23:29:03.502 [Worker-16] INFO  o.a.p.ModelValidator:42 - Validating elements
23:29:03.503 [Worker-16] DEBUG o.a.p.ModelValidator:62 - Validating with EActivityHandler: [com.example.annotations.Annotations]
23:29:03.504 [Worker-16] DEBUG o.a.p.ModelValidator:62 - Validating with ViewByIdHandler: [btn]
23:29:03.505 [Worker-16] DEBUG o.a.p.ModelValidator:62 - Validating with NoTitleHandler: [com.example.annotations.Annotations]
23:29:03.506 [Worker-16] DEBUG o.a.p.ModelValidator:62 - Validating with FullscreenHandler: [com.example.annotations.Annotations]
23:29:03.507 [Worker-16] INFO  o.a.p.ModelProcessor:69 - Processing root elements
23:29:03.507 [Worker-16] DEBUG o.a.p.ModelProcessor:160 - Processing root elements EActivityHandler: [com.example.annotations.Annotations]
23:29:03.509 [Worker-16] INFO  o.a.p.ModelProcessor:77 - Processing enclosed elements
23:29:03.510 [Worker-16] INFO  o.a.AndroidAnnotationProcessor:250 - Number of files generated by AndroidAnnotations: 1
23:29:03.510 [Worker-16] INFO  o.a.g.ApiCodeGenerator:52 - Writting following API classes in project: []
23:29:03.511 [Worker-16] DEBUG o.a.g.SourceCodewriter:55 - Generating class: com.example.annotations.Annotations_
23:29:03.513 [Worker-16] INFO  o.a.p.TimeStats:81 - Time measurements: [Whole Processing = 37 ms], [Extract Annotations = 16 ms], [Find R Classes = 7 ms], [Validate Annotations = 5 ms], [Process Annotations = 3 ms], [Generate Sources = 3 ms], [Extract Manifest = 2 ms], 
23:29:03.514 [Worker-16] INFO  o.a.AndroidAnnotationProcessor:122 - Finish processing
23:29:43.964 [Worker-18] INFO  o.a.AndroidAnnotationProcessor:84 - Initialize AndroidAnnotations 3.2 with options {phase=BUILD}
23:29:43.966 [Worker-18] INFO  o.a.AndroidAnnotationProcessor:108 - Start processing for 5 annotations on 1 elements
23:29:43.978 [Worker-18] DEBUG o.a.h.AndroidManifestFinder:137 - AndroidManifest.xml file found in parent folder E:\workspace\annotations: E:\workspace\annotations\AndroidManifest.xml
23:29:43.980 [Worker-18] INFO  o.a.AndroidAnnotationProcessor:171 - AndroidManifest.xml found: AndroidManifest [applicationPackage=com.example.annotations, componentQualifiedNames=[com.example.annotations.Annotations_], permissionQualifiedNames=[], applicationClassName=null, libraryProject=false, debugabble=false, minSdkVersion=8, maxSdkVersion=-1, targetSdkVersion=17]
23:29:43.980 [Worker-18] INFO  o.a.r.ProjectRClassFinder:50 - Found project R class: com.example.annotations.R
23:29:43.982 [Worker-18] INFO  o.a.r.AndroidRClassFinder:44 - Found Android class: android.R
23:29:43.988 [Worker-18] INFO  o.a.p.ModelValidator:42 - Validating elements
23:29:43.989 [Worker-18] DEBUG o.a.p.ModelValidator:62 - Validating with EActivityHandler: [com.example.annotations.Annotations]
23:29:43.989 [Worker-18] DEBUG o.a.p.ModelValidator:62 - Validating with ViewByIdHandler: [btn]
23:29:43.991 [Worker-18] DEBUG o.a.p.ModelValidator:62 - Validating with ClickHandler: [void btnClicked() ]
23:29:43.992 [Worker-18] DEBUG o.a.p.ModelValidator:62 - Validating with NoTitleHandler: [com.example.annotations.Annotations]
23:29:43.993 [Worker-18] DEBUG o.a.p.ModelValidator:62 - Validating with FullscreenHandler: [com.example.annotations.Annotations]
23:29:43.993 [Worker-18] INFO  o.a.p.ModelProcessor:69 - Processing root elements
23:29:43.994 [Worker-18] DEBUG o.a.p.ModelProcessor:160 - Processing root elements EActivityHandler: [com.example.annotations.Annotations]
23:29:43.995 [Worker-18] INFO  o.a.p.ModelProcessor:77 - Processing enclosed elements
23:29:43.996 [Worker-18] INFO  o.a.AndroidAnnotationProcessor:250 - Number of files generated by AndroidAnnotations: 1
23:29:43.996 [Worker-18] INFO  o.a.g.ApiCodeGenerator:52 - Writting following API classes in project: []
23:29:43.997 [Worker-18] DEBUG o.a.g.SourceCodewriter:55 - Generating class: com.example.annotations.Annotations_
23:29:44.5 [Worker-18] INFO  o.a.p.TimeStats:81 - Time measurements: [Whole Processing = 39 ms], [Extract Annotations = 11 ms], [Generate Sources = 9 ms], [Find R Classes = 8 ms], [Validate Annotations = 5 ms], [Process Annotations = 3 ms], [Extract Manifest = 2 ms], 
23:29:44.6 [Worker-18] INFO  o.a.AndroidAnnotationProcessor:122 - Finish processing
23:31:13.781 [Worker-17] INFO  o.a.AndroidAnnotationProcessor:84 - Initialize AndroidAnnotations 3.2 with options {phase=BUILD}
23:31:15.797 [Worker-20] INFO  o.a.AndroidAnnotationProcessor:84 - Initialize AndroidAnnotations 3.2 with options {phase=BUILD}
23:31:15.799 [Worker-20] INFO  o.a.AndroidAnnotationProcessor:108 - Start processing for 5 annotations on 2 elements
23:31:15.807 [Worker-20] DEBUG o.a.h.AndroidManifestFinder:137 - AndroidManifest.xml file found in parent folder E:\workspace\annotations: E:\workspace\annotations\AndroidManifest.xml
23:31:15.808 [Worker-20] INFO  o.a.AndroidAnnotationProcessor:171 - AndroidManifest.xml found: AndroidManifest [applicationPackage=com.example.annotations, componentQualifiedNames=[com.example.annotations.Annotations_], permissionQualifiedNames=[], applicationClassName=null, libraryProject=false, debugabble=false, minSdkVersion=8, maxSdkVersion=-1, targetSdkVersion=17]
23:31:15.809 [Worker-20] INFO  o.a.r.ProjectRClassFinder:50 - Found project R class: com.example.annotations.R
23:31:15.809 [Worker-20] INFO  o.a.r.AndroidRClassFinder:44 - Found Android class: android.R
23:31:15.813 [Worker-20] INFO  o.a.p.ModelValidator:42 - Validating elements
23:31:15.814 [Worker-20] DEBUG o.a.p.ModelValidator:62 - Validating with EActivityHandler: [com.example.annotations.Annotations]
23:31:15.814 [Worker-20] DEBUG o.a.p.ModelValidator:62 - Validating with ViewByIdHandler: [textView1, btn]
23:31:15.815 [Worker-20] ERROR o.a.h.AnnotationHelper:126 - @org.androidannotations.annotations.ViewById can only be used on an element that extends android.view.View
23:31:15.815 [Worker-20] WARN  o.a.p.ModelValidator:69 - Element ViewByIdHandler unvalidated by 
23:31:15.816 [Worker-20] DEBUG o.a.p.ModelValidator:62 - Validating with ClickHandler: [void btnClicked() ]
23:31:15.816 [Worker-20] DEBUG o.a.p.ModelValidator:62 - Validating with NoTitleHandler: [com.example.annotations.Annotations]
23:31:15.817 [Worker-20] DEBUG o.a.p.ModelValidator:62 - Validating with FullscreenHandler: [com.example.annotations.Annotations]
23:31:15.817 [Worker-20] INFO  o.a.p.ModelProcessor:69 - Processing root elements
23:31:15.818 [Worker-20] DEBUG o.a.p.ModelProcessor:160 - Processing root elements EActivityHandler: [com.example.annotations.Annotations]
23:31:15.819 [Worker-20] INFO  o.a.p.ModelProcessor:77 - Processing enclosed elements
23:31:15.820 [Worker-20] INFO  o.a.AndroidAnnotationProcessor:250 - Number of files generated by AndroidAnnotations: 1
23:31:15.820 [Worker-20] INFO  o.a.g.ApiCodeGenerator:52 - Writting following API classes in project: []
23:31:15.821 [Worker-20] DEBUG o.a.g.SourceCodewriter:55 - Generating class: com.example.annotations.Annotations_
23:31:15.824 [Worker-20] INFO  o.a.p.TimeStats:81 - Time measurements: [Whole Processing = 25 ms], [Extract Annotations = 7 ms], [Find R Classes = 5 ms], [Validate Annotations = 4 ms], [Generate Sources = 4 ms], [Process Annotations = 3 ms], [Extract Manifest = 2 ms], 
23:31:15.825 [Worker-20] INFO  o.a.AndroidAnnotationProcessor:122 - Finish processing
23:31:20.801 [Worker-18] INFO  o.a.AndroidAnnotationProcessor:84 - Initialize AndroidAnnotations 3.2 with options {phase=BUILD}
23:31:39.83 [Worker-6] INFO  o.a.AndroidAnnotationProcessor:84 - Initialize AndroidAnnotations 3.2 with options {phase=BUILD}
23:31:39.84 [Worker-6] INFO  o.a.AndroidAnnotationProcessor:108 - Start processing for 5 annotations on 2 elements
23:31:39.92 [Worker-6] DEBUG o.a.h.AndroidManifestFinder:137 - AndroidManifest.xml file found in parent folder E:\workspace\annotations: E:\workspace\annotations\AndroidManifest.xml
23:31:39.94 [Worker-6] INFO  o.a.AndroidAnnotationProcessor:171 - AndroidManifest.xml found: AndroidManifest [applicationPackage=com.example.annotations, componentQualifiedNames=[com.example.annotations.Annotations_], permissionQualifiedNames=[], applicationClassName=null, libraryProject=false, debugabble=false, minSdkVersion=8, maxSdkVersion=-1, targetSdkVersion=17]
23:31:39.94 [Worker-6] INFO  o.a.r.ProjectRClassFinder:50 - Found project R class: com.example.annotations.R
23:31:39.95 [Worker-6] INFO  o.a.r.AndroidRClassFinder:44 - Found Android class: android.R
23:31:39.99 [Worker-6] INFO  o.a.p.ModelValidator:42 - Validating elements
23:31:39.99 [Worker-6] DEBUG o.a.p.ModelValidator:62 - Validating with EActivityHandler: [com.example.annotations.Annotations]
23:31:39.100 [Worker-6] DEBUG o.a.p.ModelValidator:62 - Validating with ViewByIdHandler: [textView1, btn]
23:31:39.100 [Worker-6] DEBUG o.a.p.ModelValidator:62 - Validating with ClickHandler: [void btnClicked() ]
23:31:39.101 [Worker-6] DEBUG o.a.p.ModelValidator:62 - Validating with NoTitleHandler: [com.example.annotations.Annotations]
23:31:39.101 [Worker-6] DEBUG o.a.p.ModelValidator:62 - Validating with FullscreenHandler: [com.example.annotations.Annotations]
23:31:39.102 [Worker-6] INFO  o.a.p.ModelProcessor:69 - Processing root elements
23:31:39.102 [Worker-6] DEBUG o.a.p.ModelProcessor:160 - Processing root elements EActivityHandler: [com.example.annotations.Annotations]
23:31:39.103 [Worker-6] INFO  o.a.p.ModelProcessor:77 - Processing enclosed elements
23:31:39.104 [Worker-6] INFO  o.a.AndroidAnnotationProcessor:250 - Number of files generated by AndroidAnnotations: 1
23:31:39.104 [Worker-6] INFO  o.a.g.ApiCodeGenerator:52 - Writting following API classes in project: []
23:31:39.105 [Worker-6] DEBUG o.a.g.SourceCodewriter:55 - Generating class: com.example.annotations.Annotations_
23:31:39.108 [Worker-6] INFO  o.a.p.TimeStats:81 - Time measurements: [Whole Processing = 24 ms], [Extract Annotations = 7 ms], [Find R Classes = 5 ms], [Generate Sources = 4 ms], [Validate Annotations = 3 ms], [Extract Manifest = 2 ms], [Process Annotations = 2 ms], 
23:31:39.109 [Worker-6] INFO  o.a.AndroidAnnotationProcessor:122 - Finish processing
23:32:10.984 [Worker-11] INFO  o.a.AndroidAnnotationProcessor:84 - Initialize AndroidAnnotations 3.2 with options {phase=BUILD}
23:32:10.987 [Worker-11] INFO  o.a.AndroidAnnotationProcessor:108 - Start processing for 5 annotations on 1 elements
23:32:10.999 [Worker-11] DEBUG o.a.h.AndroidManifestFinder:137 - AndroidManifest.xml file found in parent folder E:\workspace\annotations: E:\workspace\annotations\AndroidManifest.xml
23:32:11.1 [Worker-11] INFO  o.a.AndroidAnnotationProcessor:171 - AndroidManifest.xml found: AndroidManifest [applicationPackage=com.example.annotations, componentQualifiedNames=[com.example.annotations.Annotations_], permissionQualifiedNames=[], applicationClassName=null, libraryProject=false, debugabble=false, minSdkVersion=8, maxSdkVersion=-1, targetSdkVersion=17]
23:32:11.2 [Worker-11] INFO  o.a.r.ProjectRClassFinder:50 - Found project R class: com.example.annotations.R
23:32:11.3 [Worker-11] INFO  o.a.r.AndroidRClassFinder:44 - Found Android class: android.R
23:32:11.8 [Worker-11] INFO  o.a.p.ModelValidator:42 - Validating elements
23:32:11.9 [Worker-11] DEBUG o.a.p.ModelValidator:62 - Validating with EActivityHandler: [com.example.annotations.Annotations]
23:32:11.10 [Worker-11] DEBUG o.a.p.ModelValidator:62 - Validating with ViewByIdHandler: [textView1, btn]
23:32:11.11 [Worker-11] DEBUG o.a.p.ModelValidator:62 - Validating with ClickHandler: [void btnClicked() ]
23:32:11.11 [Worker-11] DEBUG o.a.p.ModelValidator:62 - Validating with NoTitleHandler: [com.example.annotations.Annotations]
23:32:11.12 [Worker-11] DEBUG o.a.p.ModelValidator:62 - Validating with FullscreenHandler: [com.example.annotations.Annotations]
23:32:11.13 [Worker-11] INFO  o.a.p.ModelProcessor:69 - Processing root elements
23:32:11.13 [Worker-11] DEBUG o.a.p.ModelProcessor:160 - Processing root elements EActivityHandler: [com.example.annotations.Annotations]
23:32:11.15 [Worker-11] INFO  o.a.p.ModelProcessor:77 - Processing enclosed elements
23:32:11.16 [Worker-11] INFO  o.a.AndroidAnnotationProcessor:250 - Number of files generated by AndroidAnnotations: 1
23:32:11.16 [Worker-11] INFO  o.a.g.ApiCodeGenerator:52 - Writting following API classes in project: []
23:32:11.17 [Worker-11] DEBUG o.a.g.SourceCodewriter:55 - Generating class: com.example.annotations.Annotations_
23:32:11.19 [Worker-11] INFO  o.a.p.TimeStats:81 - Time measurements: [Whole Processing = 32 ms], [Extract Annotations = 11 ms], [Find R Classes = 6 ms], [Validate Annotations = 4 ms], [Process Annotations = 4 ms], [Generate Sources = 3 ms], [Extract Manifest = 2 ms], 
23:32:11.19 [Worker-11] INFO  o.a.AndroidAnnotationProcessor:122 - Finish processing
23:32:12.658 [Worker-9] INFO  o.a.AndroidAnnotationProcessor:84 - Initialize AndroidAnnotations 3.2 with options {phase=BUILD}
23:32:12.659 [Worker-9] INFO  o.a.AndroidAnnotationProcessor:108 - Start processing for 5 annotations on 1 elements
23:32:12.667 [Worker-9] DEBUG o.a.h.AndroidManifestFinder:137 - AndroidManifest.xml file found in parent folder E:\workspace\annotations: E:\workspace\annotations\AndroidManifest.xml
23:32:12.668 [Worker-9] INFO  o.a.AndroidAnnotationProcessor:171 - AndroidManifest.xml found: AndroidManifest [applicationPackage=com.example.annotations, componentQualifiedNames=[com.example.annotations.Annotations_], permissionQualifiedNames=[], applicationClassName=null, libraryProject=false, debugabble=false, minSdkVersion=8, maxSdkVersion=-1, targetSdkVersion=17]
23:32:12.669 [Worker-9] INFO  o.a.r.ProjectRClassFinder:50 - Found project R class: com.example.annotations.R
23:32:12.670 [Worker-9] INFO  o.a.r.AndroidRClassFinder:44 - Found Android class: android.R
23:32:12.674 [Worker-9] INFO  o.a.p.ModelValidator:42 - Validating elements
23:32:12.674 [Worker-9] DEBUG o.a.p.ModelValidator:62 - Validating with EActivityHandler: [com.example.annotations.Annotations]
23:32:12.675 [Worker-9] DEBUG o.a.p.ModelValidator:62 - Validating with ViewByIdHandler: [btn, textView1]
23:32:12.675 [Worker-9] DEBUG o.a.p.ModelValidator:62 - Validating with ClickHandler: [void btnClicked() ]
23:32:12.676 [Worker-9] DEBUG o.a.p.ModelValidator:62 - Validating with NoTitleHandler: [com.example.annotations.Annotations]
23:32:12.676 [Worker-9] DEBUG o.a.p.ModelValidator:62 - Validating with FullscreenHandler: [com.example.annotations.Annotations]
23:32:12.677 [Worker-9] INFO  o.a.p.ModelProcessor:69 - Processing root elements
23:32:12.677 [Worker-9] DEBUG o.a.p.ModelProcessor:160 - Processing root elements EActivityHandler: [com.example.annotations.Annotations]
23:32:12.678 [Worker-9] INFO  o.a.p.ModelProcessor:77 - Processing enclosed elements
23:32:12.679 [Worker-9] INFO  o.a.AndroidAnnotationProcessor:250 - Number of files generated by AndroidAnnotations: 1
23:32:12.679 [Worker-9] INFO  o.a.g.ApiCodeGenerator:52 - Writting following API classes in project: []
23:32:12.680 [Worker-9] DEBUG o.a.g.SourceCodewriter:55 - Generating class: com.example.annotations.Annotations_
23:32:12.687 [Worker-9] INFO  o.a.p.TimeStats:81 - Time measurements: [Whole Processing = 28 ms], [Generate Sources = 8 ms], [Extract Annotations = 7 ms], [Find R Classes = 5 ms], [Validate Annotations = 3 ms], [Process Annotations = 2 ms], [Extract Manifest = 1 ms], 
23:32:12.688 [Worker-9] INFO  o.a.AndroidAnnotationProcessor:122 - Finish processing
23:33:12.284 [Worker-11] INFO  o.a.AndroidAnnotationProcessor:84 - Initialize AndroidAnnotations 3.2 with options {phase=BUILD}
23:33:12.286 [Worker-11] INFO  o.a.AndroidAnnotationProcessor:108 - Start processing for 5 annotations on 1 elements
23:33:12.293 [Worker-11] DEBUG o.a.h.AndroidManifestFinder:137 - AndroidManifest.xml file found in parent folder E:\workspace\annotations: E:\workspace\annotations\AndroidManifest.xml
23:33:12.295 [Worker-11] INFO  o.a.AndroidAnnotationProcessor:171 - AndroidManifest.xml found: AndroidManifest [applicationPackage=com.example.annotations, componentQualifiedNames=[com.example.annotations.Annotations_], permissionQualifiedNames=[], applicationClassName=null, libraryProject=false, debugabble=false, minSdkVersion=8, maxSdkVersion=-1, targetSdkVersion=17]
23:33:12.295 [Worker-11] INFO  o.a.r.ProjectRClassFinder:50 - Found project R class: com.example.annotations.R
23:33:12.296 [Worker-11] INFO  o.a.r.AndroidRClassFinder:44 - Found Android class: android.R
23:33:12.300 [Worker-11] INFO  o.a.p.ModelValidator:42 - Validating elements
23:33:12.300 [Worker-11] DEBUG o.a.p.ModelValidator:62 - Validating with EActivityHandler: [com.example.annotations.Annotations]
23:33:12.301 [Worker-11] DEBUG o.a.p.ModelValidator:62 - Validating with ViewByIdHandler: [textView1, btn]
23:33:12.301 [Worker-11] DEBUG o.a.p.ModelValidator:62 - Validating with ClickHandler: [void btnClicked() ]
23:33:12.302 [Worker-11] DEBUG o.a.p.ModelValidator:62 - Validating with NoTitleHandler: [com.example.annotations.Annotations]
23:33:12.302 [Worker-11] DEBUG o.a.p.ModelValidator:62 - Validating with FullscreenHandler: [com.example.annotations.Annotations]
23:33:12.303 [Worker-11] INFO  o.a.p.ModelProcessor:69 - Processing root elements
23:33:12.303 [Worker-11] DEBUG o.a.p.ModelProcessor:160 - Processing root elements EActivityHandler: [com.example.annotations.Annotations]
23:33:12.305 [Worker-11] INFO  o.a.p.ModelProcessor:77 - Processing enclosed elements
23:33:12.305 [Worker-11] INFO  o.a.AndroidAnnotationProcessor:250 - Number of files generated by AndroidAnnotations: 1
23:33:12.306 [Worker-11] INFO  o.a.g.ApiCodeGenerator:52 - Writting following API classes in project: []
23:33:12.306 [Worker-11] DEBUG o.a.g.SourceCodewriter:55 - Generating class: com.example.annotations.Annotations_
23:33:12.313 [Worker-11] INFO  o.a.p.TimeStats:81 - Time measurements: [Whole Processing = 27 ms], [Generate Sources = 8 ms], [Extract Annotations = 7 ms], [Find R Classes = 5 ms], [Validate Annotations = 3 ms], [Extract Manifest = 2 ms], [Process Annotations = 2 ms], 
23:33:12.313 [Worker-11] INFO  o.a.AndroidAnnotationProcessor:122 - Finish processing
23:33:34.454 [Worker-6] INFO  o.a.AndroidAnnotationProcessor:84 - Initialize AndroidAnnotations 3.2 with options {phase=BUILD}
23:33:34.469 [Worker-6] INFO  o.a.AndroidAnnotationProcessor:108 - Start processing for 5 annotations on 2 elements
23:33:34.477 [Worker-6] DEBUG o.a.h.AndroidManifestFinder:137 - AndroidManifest.xml file found in parent folder E:\workspace\annotations: E:\workspace\annotations\AndroidManifest.xml
23:33:34.478 [Worker-6] INFO  o.a.AndroidAnnotationProcessor:171 - AndroidManifest.xml found: AndroidManifest [applicationPackage=com.example.annotations, componentQualifiedNames=[com.example.annotations.Annotations_], permissionQualifiedNames=[], applicationClassName=null, libraryProject=false, debugabble=false, minSdkVersion=8, maxSdkVersion=-1, targetSdkVersion=17]
23:33:34.479 [Worker-6] INFO  o.a.r.ProjectRClassFinder:50 - Found project R class: com.example.annotations.R
23:33:34.480 [Worker-6] INFO  o.a.r.AndroidRClassFinder:44 - Found Android class: android.R
23:33:34.484 [Worker-6] INFO  o.a.p.ModelValidator:42 - Validating elements
23:33:34.484 [Worker-6] DEBUG o.a.p.ModelValidator:62 - Validating with EActivityHandler: [com.example.annotations.Annotations]
23:33:34.485 [Worker-6] DEBUG o.a.p.ModelValidator:62 - Validating with ViewByIdHandler: [btn, textView1]
23:33:34.485 [Worker-6] DEBUG o.a.p.ModelValidator:62 - Validating with ClickHandler: [void btnClicked() ]
23:33:34.486 [Worker-6] DEBUG o.a.p.ModelValidator:62 - Validating with NoTitleHandler: [com.example.annotations.Annotations]
23:33:34.486 [Worker-6] DEBUG o.a.p.ModelValidator:62 - Validating with FullscreenHandler: [com.example.annotations.Annotations]
23:33:34.487 [Worker-6] INFO  o.a.p.ModelProcessor:69 - Processing root elements
23:33:34.487 [Worker-6] DEBUG o.a.p.ModelProcessor:160 - Processing root elements EActivityHandler: [com.example.annotations.Annotations]
23:33:34.488 [Worker-6] INFO  o.a.p.ModelProcessor:77 - Processing enclosed elements
23:33:34.488 [Worker-6] DEBUG o.a.p.ModelProcessor:89 - Processing enclosed elements with ViewByIdHandler: [org.androidannotations.model.AnnotationElements$AnnotatedAndRootElements@1f5f997, org.androidannotations.model.AnnotationElements$AnnotatedAndRootElements@1d536d8]
23:33:34.489 [Worker-6] DEBUG o.a.p.ModelProcessor:89 - Processing enclosed elements with ClickHandler: [org.androidannotations.model.AnnotationElements$AnnotatedAndRootElements@e87f2f]
23:33:34.489 [Worker-6] DEBUG o.a.p.ModelProcessor:89 - Processing enclosed elements with NoTitleHandler: [org.androidannotations.model.AnnotationElements$AnnotatedAndRootElements@55fead]
23:33:34.490 [Worker-6] DEBUG o.a.p.ModelProcessor:89 - Processing enclosed elements with FullscreenHandler: [org.androidannotations.model.AnnotationElements$AnnotatedAndRootElements@1c33c23]
23:33:34.490 [Worker-6] INFO  o.a.AndroidAnnotationProcessor:250 - Number of files generated by AndroidAnnotations: 1
23:33:34.491 [Worker-6] INFO  o.a.g.ApiCodeGenerator:52 - Writting following API classes in project: []
23:33:34.491 [Worker-6] DEBUG o.a.g.SourceCodewriter:55 - Generating class: com.example.annotations.Annotations_
23:33:34.498 [Worker-6] INFO  o.a.p.TimeStats:81 - Time measurements: [Whole Processing = 29 ms], [Generate Sources = 8 ms], [Extract Annotations = 7 ms], [Find R Classes = 5 ms], [Validate Annotations = 3 ms], [Process Annotations = 3 ms], [Extract Manifest = 1 ms], 
23:33:34.499 [Worker-6] INFO  o.a.AndroidAnnotationProcessor:122 - Finish processing
23:33:50.639 [Worker-6] INFO  o.a.AndroidAnnotationProcessor:84 - Initialize AndroidAnnotations 3.2 with options {phase=BUILD}
23:33:50.640 [Worker-6] INFO  o.a.AndroidAnnotationProcessor:108 - Start processing for 5 annotations on 2 elements
23:33:50.648 [Worker-6] DEBUG o.a.h.AndroidManifestFinder:137 - AndroidManifest.xml file found in parent folder E:\workspace\annotations: E:\workspace\annotations\AndroidManifest.xml
23:33:50.649 [Worker-6] INFO  o.a.AndroidAnnotationProcessor:171 - AndroidManifest.xml found: AndroidManifest [applicationPackage=com.example.annotations, componentQualifiedNames=[com.example.annotations.Annotations_], permissionQualifiedNames=[], applicationClassName=null, libraryProject=false, debugabble=false, minSdkVersion=8, maxSdkVersion=-1, targetSdkVersion=17]
23:33:50.650 [Worker-6] INFO  o.a.r.ProjectRClassFinder:50 - Found project R class: com.example.annotations.R
23:33:50.651 [Worker-6] INFO  o.a.r.AndroidRClassFinder:44 - Found Android class: android.R
23:33:50.654 [Worker-6] INFO  o.a.p.ModelValidator:42 - Validating elements
23:33:50.655 [Worker-6] DEBUG o.a.p.ModelValidator:62 - Validating with EActivityHandler: [com.example.annotations.Annotations]
23:33:50.655 [Worker-6] DEBUG o.a.p.ModelValidator:62 - Validating with ViewByIdHandler: [btn, textView1]
23:33:50.656 [Worker-6] DEBUG o.a.p.ModelValidator:62 - Validating with ClickHandler: [void btnClicked() ]
23:33:50.656 [Worker-6] DEBUG o.a.p.ModelValidator:62 - Validating with NoTitleHandler: [com.example.annotations.Annotations]
23:33:50.657 [Worker-6] DEBUG o.a.p.ModelValidator:62 - Validating with FullscreenHandler: [com.example.annotations.Annotations]
23:33:50.657 [Worker-6] INFO  o.a.p.ModelProcessor:69 - Processing root elements
23:33:50.658 [Worker-6] DEBUG o.a.p.ModelProcessor:160 - Processing root elements EActivityHandler: [com.example.annotations.Annotations]
23:33:50.659 [Worker-6] INFO  o.a.p.ModelProcessor:77 - Processing enclosed elements
23:33:50.660 [Worker-6] INFO  o.a.AndroidAnnotationProcessor:250 - Number of files generated by AndroidAnnotations: 1
23:33:50.660 [Worker-6] INFO  o.a.g.ApiCodeGenerator:52 - Writting following API classes in project: []
23:33:50.660 [Worker-6] DEBUG o.a.g.SourceCodewriter:55 - Generating class: com.example.annotations.Annotations_
23:33:50.662 [Worker-6] INFO  o.a.p.TimeStats:81 - Time measurements: [Whole Processing = 22 ms], [Extract Annotations = 7 ms], [Find R Classes = 4 ms], [Validate Annotations = 3 ms], [Process Annotations = 3 ms], [Generate Sources = 2 ms], [Extract Manifest = 1 ms], 
23:33:50.662 [Worker-6] INFO  o.a.AndroidAnnotationProcessor:122 - Finish processing
23:34:17.400 [Worker-17] INFO  o.a.AndroidAnnotationProcessor:84 - Initialize AndroidAnnotations 3.2 with options {phase=BUILD}
23:34:17.401 [Worker-17] INFO  o.a.AndroidAnnotationProcessor:108 - Start processing for 6 annotations on 2 elements
23:34:17.409 [Worker-17] DEBUG o.a.h.AndroidManifestFinder:137 - AndroidManifest.xml file found in parent folder E:\workspace\annotations: E:\workspace\annotations\AndroidManifest.xml
23:34:17.410 [Worker-17] INFO  o.a.AndroidAnnotationProcessor:171 - AndroidManifest.xml found: AndroidManifest [applicationPackage=com.example.annotations, componentQualifiedNames=[com.example.annotations.Annotations_], permissionQualifiedNames=[], applicationClassName=null, libraryProject=false, debugabble=false, minSdkVersion=8, maxSdkVersion=-1, targetSdkVersion=17]
23:34:17.411 [Worker-17] INFO  o.a.r.ProjectRClassFinder:50 - Found project R class: com.example.annotations.R
23:34:17.411 [Worker-17] INFO  o.a.r.AndroidRClassFinder:44 - Found Android class: android.R
23:34:17.415 [Worker-17] INFO  o.a.p.ModelValidator:42 - Validating elements
23:34:17.416 [Worker-17] DEBUG o.a.p.ModelValidator:62 - Validating with EActivityHandler: [com.example.annotations.Annotations]
23:34:17.416 [Worker-17] DEBUG o.a.p.ModelValidator:62 - Validating with ViewByIdHandler: [btn, textView1]
23:34:17.417 [Worker-17] DEBUG o.a.p.ModelValidator:62 - Validating with ClickHandler: [void btnClicked() ]
23:34:17.417 [Worker-17] DEBUG o.a.p.ModelValidator:62 - Validating with ResHandler: [text]
23:34:17.418 [Worker-17] DEBUG o.a.p.ModelValidator:62 - Validating with NoTitleHandler: [com.example.annotations.Annotations]
23:34:17.419 [Worker-17] DEBUG o.a.p.ModelValidator:62 - Validating with FullscreenHandler: [com.example.annotations.Annotations]
23:34:17.419 [Worker-17] INFO  o.a.p.ModelProcessor:69 - Processing root elements
23:34:17.420 [Worker-17] DEBUG o.a.p.ModelProcessor:160 - Processing root elements EActivityHandler: [com.example.annotations.Annotations]
23:34:17.421 [Worker-17] INFO  o.a.p.ModelProcessor:77 - Processing enclosed elements
23:34:17.422 [Worker-17] INFO  o.a.AndroidAnnotationProcessor:250 - Number of files generated by AndroidAnnotations: 1
23:34:17.422 [Worker-17] INFO  o.a.g.ApiCodeGenerator:52 - Writting following API classes in project: []
23:34:17.423 [Worker-17] DEBUG o.a.g.SourceCodewriter:55 - Generating class: com.example.annotations.Annotations_
23:34:17.430 [Worker-17] INFO  o.a.p.TimeStats:81 - Time measurements: [Whole Processing = 29 ms], [Extract Annotations = 8 ms], [Generate Sources = 8 ms], [Find R Classes = 4 ms], [Validate Annotations = 4 ms], [Process Annotations = 3 ms], [Extract Manifest = 1 ms], 
23:34:17.430 [Worker-17] INFO  o.a.AndroidAnnotationProcessor:122 - Finish processing
23:34:23.890 [Worker-6] INFO  o.a.AndroidAnnotationProcessor:84 - Initialize AndroidAnnotations 3.2 with options {phase=BUILD}
23:34:23.891 [Worker-6] INFO  o.a.AndroidAnnotationProcessor:108 - Start processing for 6 annotations on 2 elements
23:34:23.899 [Worker-6] DEBUG o.a.h.AndroidManifestFinder:137 - AndroidManifest.xml file found in parent folder E:\workspace\annotations: E:\workspace\annotations\AndroidManifest.xml
23:34:23.900 [Worker-6] INFO  o.a.AndroidAnnotationProcessor:171 - AndroidManifest.xml found: AndroidManifest [applicationPackage=com.example.annotations, componentQualifiedNames=[com.example.annotations.Annotations_], permissionQualifiedNames=[], applicationClassName=null, libraryProject=false, debugabble=false, minSdkVersion=8, maxSdkVersion=-1, targetSdkVersion=17]
23:34:23.901 [Worker-6] INFO  o.a.r.ProjectRClassFinder:50 - Found project R class: com.example.annotations.R
23:34:23.901 [Worker-6] INFO  o.a.r.AndroidRClassFinder:44 - Found Android class: android.R
23:34:23.905 [Worker-6] INFO  o.a.p.ModelValidator:42 - Validating elements
23:34:23.905 [Worker-6] DEBUG o.a.p.ModelValidator:62 - Validating with EActivityHandler: [com.example.annotations.Annotations]
23:34:23.906 [Worker-6] DEBUG o.a.p.ModelValidator:62 - Validating with ViewByIdHandler: [btn, textView1]
23:34:23.906 [Worker-6] DEBUG o.a.p.ModelValidator:62 - Validating with ClickHandler: [void btnClicked() ]
23:34:23.907 [Worker-6] DEBUG o.a.p.ModelValidator:62 - Validating with ResHandler: [text]
23:34:23.907 [Worker-6] DEBUG o.a.p.ModelValidator:62 - Validating with NoTitleHandler: [com.example.annotations.Annotations]
23:34:23.908 [Worker-6] DEBUG o.a.p.ModelValidator:62 - Validating with FullscreenHandler: [com.example.annotations.Annotations]
23:34:23.908 [Worker-6] INFO  o.a.p.ModelProcessor:69 - Processing root elements
23:34:23.909 [Worker-6] DEBUG o.a.p.ModelProcessor:160 - Processing root elements EActivityHandler: [com.example.annotations.Annotations]
23:34:23.910 [Worker-6] INFO  o.a.p.ModelProcessor:77 - Processing enclosed elements
23:34:23.911 [Worker-6] INFO  o.a.AndroidAnnotationProcessor:250 - Number of files generated by AndroidAnnotations: 1
23:34:23.911 [Worker-6] INFO  o.a.g.ApiCodeGenerator:52 - Writting following API classes in project: []
23:34:23.912 [Worker-6] DEBUG o.a.g.SourceCodewriter:55 - Generating class: com.example.annotations.Annotations_
23:34:23.913 [Worker-6] INFO  o.a.p.TimeStats:81 - Time measurements: [Whole Processing = 22 ms], [Extract Annotations = 8 ms], [Find R Classes = 4 ms], [Validate Annotations = 3 ms], [Process Annotations = 3 ms], [Generate Sources = 2 ms], [Extract Manifest = 1 ms], 
23:34:23.914 [Worker-6] INFO  o.a.AndroidAnnotationProcessor:122 - Finish processing
